<?xml version="1.0" encoding="UTF-8"?>
<!-- Generated by org.testng.reporters.JUnitReportReporter -->
<testsuite skipped="0" hostname="SCI-LT-047" name="DeepakMaven.MavenDemo.TestDemo1" tests="1" failures="0" timestamp="03 Jan 2018 22:16:27 GMT" time="0.018" errors="0">
  <testcase name="checkString" time="0.018" classname="DeepakMaven.MavenDemo.TestDemo1"/>
</testsuite> <!-- DeepakMaven.MavenDemo.TestDemo1 -->
